<?xml version='1.0' encoding='UTF-8'?>
<testsuite hostname="Lucass-MacBook-Pro.local" name="index.MainSpec" tests="1" errors="0" failures="0" skipped="0" time="5.745" timestamp="2019-03-09T18:26:42">
                     <properties>
[...]
</properties>
                     <testcase classname="index.MainSpec" name="index data should be equal to test data" time="5.745">
                                                 
                                               </testcase>
                     <system-out><![CDATA[]]></system-out>
                     <system-err><![CDATA[]]></system-err>
                   </testsuite>