<?xml version='1.0' encoding='UTF-8'?>
<testsuite hostname="PIANA" name="index.MainSpec" tests="1" errors="0" failures="0" skipped="0" time="6.937" timestamp="2019-03-09T13:33:44">
                     <properties>
[...]
</properties>
                     <testcase classname="index.MainSpec" name="index data should be equal to test data" time="6.937">
                                                 
                                               </testcase>
                     <system-out><![CDATA[]]></system-out>
                     <system-err><![CDATA[]]></system-err>
                   </testsuite>